<?xml version="1.0" encoding="UTF-8"?>
<robot generator="Robot 3.1.2 (Python 3.7.4 on win32)" generated="20191109 11:46:57.911" rpa="false">
<suite id="s1" name="Tests" source="C:\development\test_automation\Automation2\tests">
<suite id="s1-s1" name="Test1" source="C:\development\test_automation\Automation2\tests\test1.robot">
<test id="s1-s1-t1" name="RegistrationTest">
<kw name="Open my Browser" library="Regis">
<arguments>
<arg>${SiteUrl}</arg>
<arg>${Browser}</arg>
</arguments>
<kw name="Open Browser" library="SeleniumLibrary">
<doc>Opens a new browser instance to the given ``url``.</doc>
<arguments>
<arg>${SiteUrl}</arg>
<arg>${Browser}</arg>
</arguments>
<msg timestamp="20191109 11:46:58.176" level="INFO">Opening browser 'chrome' to base url 'https://www.google.com/'.</msg>
<status status="PASS" starttime="20191109 11:46:58.176" endtime="20191109 11:47:04.492"></status>
</kw>
<kw name="Maximize Browser Window" library="SeleniumLibrary">
<doc>Maximizes current browser window.</doc>
<status status="PASS" starttime="20191109 11:47:04.492" endtime="20191109 11:47:08.678"></status>
</kw>
<status status="PASS" starttime="20191109 11:46:58.176" endtime="20191109 11:47:08.679"></status>
</kw>
<kw name="Enter create acount google" library="Regis">
<arguments>
<arg>Create account google</arg>
</arguments>
<kw name="Input Text" library="SeleniumLibrary">
<doc>Types the given ``text`` into the text field identified by ``locator``.</doc>
<arguments>
<arg>${txt_search}</arg>
<arg>${CreateAccount}</arg>
</arguments>
<msg timestamp="20191109 11:47:08.680" level="FAIL">Variable '${txt_search}' not found.</msg>
<status status="FAIL" starttime="20191109 11:47:08.679" endtime="20191109 11:47:08.680"></status>
</kw>
<status status="FAIL" starttime="20191109 11:47:08.679" endtime="20191109 11:47:08.681"></status>
</kw>
<status status="FAIL" starttime="20191109 11:46:58.176" endtime="20191109 11:47:08.681" critical="yes">Variable '${txt_search}' not found.</status>
</test>
<status status="FAIL" starttime="20191109 11:46:57.942" endtime="20191109 11:47:08.682"></status>
</suite>
<status status="FAIL" starttime="20191109 11:46:57.911" endtime="20191109 11:47:08.683"></status>
</suite>
<statistics>
<total>
<stat pass="0" fail="1">Critical Tests</stat>
<stat pass="0" fail="1">All Tests</stat>
</total>
<tag>
</tag>
<suite>
<stat pass="0" fail="1" id="s1" name="Tests">Tests</stat>
<stat pass="0" fail="1" id="s1-s1" name="Test1">Tests.Test1</stat>
</suite>
</statistics>
<errors>
<msg timestamp="20191109 11:46:58.176" level="ERROR">Error in file 'C:\development\test_automation\Automation2\Resources\Regis.robot': Processing variable file 'C:\development\test_automation\Automation2\PageObjects\Locators.py' failed: Importing variable file 'C:\development\test_automation\Automation2\PageObjects\Locators.py' failed: SyntaxError: invalid syntax (Locators.py, line 8)
Traceback (most recent call last):
  None
PYTHONPATH:
  C:\Users\admin\AppData\Local\Programs\Python\Python37\Scripts\robot.exe
  c:\users\admin\appdata\local\programs\python\python37\python37.zip
  c:\users\admin\appdata\local\programs\python\python37\DLLs
  c:\users\admin\appdata\local\programs\python\python37\lib
  c:\users\admin\appdata\local\programs\python\python37
  c:\users\admin\appdata\local\programs\python\python37\lib\site-packages</msg>
</errors>
</robot>
